[18:13:02] [Client thread/INFO]: Setting user: Player169
[18:13:02] [Client thread/INFO]: (Session ID is token:0:Player169)
[18:13:03] [Client thread/INFO]: [OptiFine] *** Reflector Forge ***
[18:13:03] [Client thread/INFO]: [OptiFine] (Reflector) Class not present: net.minecraftforge.client.model.Attributes
[18:13:03] [Client thread/INFO]: [OptiFine] (Reflector) Class not present: mods.betterfoliage.client.BetterFoliageClient
[18:13:03] [Client thread/INFO]: [OptiFine] (Reflector) Class not present: net.minecraftforge.fml.common.asm.transformers.BlamingTransformer
[18:13:03] [Client thread/INFO]: [OptiFine] (Reflector) Class not present: net.minecraftforge.event.world.ChunkWatchEvent$UnWatch
[18:13:03] [Client thread/INFO]: [OptiFine] (Reflector) Class not present: net.minecraftforge.fml.relauncher.CoreModManager
[18:13:03] [Client thread/INFO]: [OptiFine] (Reflector) Class not present: net.minecraftforge.common.DimensionManager
[18:13:03] [Client thread/INFO]: [OptiFine] (Reflector) Class not present: net.minecraftforge.client.event.GuiScreenEvent$DrawScreenEvent$Pre
[18:13:03] [Client thread/INFO]: [OptiFine] (Reflector) Class not present: net.minecraftforge.client.event.GuiScreenEvent$DrawScreenEvent$Post
[18:13:03] [Client thread/INFO]: [OptiFine] (Reflector) Class not present: net.minecraftforge.client.event.EntityViewRenderEvent$CameraSetup
[18:13:03] [Client thread/INFO]: [OptiFine] (Reflector) Class not present: net.minecraftforge.client.event.EntityViewRenderEvent$FogColors
[18:13:03] [Client thread/INFO]: [OptiFine] (Reflector) Class not present: net.minecraftforge.fml.common.eventhandler.Event
[18:13:03] [Client thread/INFO]: [OptiFine] (Reflector) Class not present: net.minecraftforge.fml.common.eventhandler.EventBus
[18:13:03] [Client thread/INFO]: [OptiFine] (Reflector) Class not present: net.minecraftforge.fml.common.eventhandler.Event$Result
[18:13:03] [Client thread/INFO]: [OptiFine] (Reflector) Class not present: net.minecraftforge.common.property.ExtendedBlockState
[18:13:03] [Client thread/INFO]: [OptiFine] (Reflector) Class not present: net.minecraftforge.fml.client.FMLClientHandler
[18:13:03] [Client thread/INFO]: [OptiFine] (Reflector) Class not present: net.minecraftforge.fml.common.FMLCommonHandler
[18:13:03] [Client thread/INFO]: [OptiFine] (Reflector) Method not present: net.minecraft.world.biome.BiomeGenBase.getWaterColorMultiplier
[18:13:03] [Client thread/INFO]: [OptiFine] (Reflector) Method not present: net.minecraft.block.Block.addDestroyEffects
[18:13:03] [Client thread/INFO]: [OptiFine] (Reflector) Method not present: net.minecraft.block.Block.addHitEffects
[18:13:03] [Client thread/INFO]: [OptiFine] (Reflector) Method not present: net.minecraft.block.Block.canCreatureSpawn
[18:13:03] [Client thread/INFO]: [OptiFine] (Reflector) Method not present: net.minecraft.block.Block.canRenderInLayer
[18:13:03] [Client thread/INFO]: [OptiFine] (Reflector) Method not present: net.minecraft.block.Block.doesSideBlockRendering
[18:13:03] [Client thread/INFO]: [OptiFine] (Reflector) Method not present: net.minecraft.block.Block.getBedDirection
[18:13:03] [Client thread/INFO]: [OptiFine] (Reflector) Method not present: net.minecraft.block.Block.getExtendedState
[18:13:03] [Client thread/INFO]: [OptiFine] (Reflector) Method not present: net.minecraft.block.Block.hasTileEntity
[18:13:03] [Client thread/INFO]: [OptiFine] (Reflector) Method not present: net.minecraft.block.Block.isAir
[18:13:03] [Client thread/INFO]: [OptiFine] (Reflector) Method not present: net.minecraft.block.Block.isBed
[18:13:03] [Client thread/INFO]: [OptiFine] (Reflector) Method not present: net.minecraft.block.Block.isBedFoot
[18:13:03] [Client thread/INFO]: [OptiFine] (Reflector) Method not present: net.minecraft.block.Block.isSideSolid
[18:13:03] [Client thread/INFO]: [OptiFine] (Reflector) Method not present: net.minecraft.entity.Entity.canRiderInteract
[18:13:03] [Client thread/INFO]: [OptiFine] (Reflector) Field not present: net.minecraft.entity.Entity.captureDrops
[18:13:03] [Client thread/INFO]: [OptiFine] (Reflector) Field not present: net.minecraft.entity.Entity.capturedDrops
[18:13:03] [Client thread/INFO]: [OptiFine] (Reflector) Method not present: net.minecraft.entity.Entity.shouldRenderInPass
[18:13:03] [Client thread/INFO]: [OptiFine] (Reflector) Method not present: net.minecraft.entity.Entity.shouldRiderSit
[18:13:03] [Client thread/INFO]: [OptiFine] (Reflector) Class not present: net.minecraftforge.event.ForgeEventFactory
[18:13:03] [Client thread/INFO]: [OptiFine] (Reflector) Class not present: net.minecraftforge.common.ForgeHooks
[18:13:03] [Client thread/INFO]: [OptiFine] (Reflector) Class not present: net.minecraftforge.client.ForgeHooksClient
[18:13:03] [Client thread/INFO]: [OptiFine] (Reflector) Method not present: net.minecraft.item.Item.getDurabilityForDisplay
[18:13:03] [Client thread/INFO]: [OptiFine] (Reflector) Method not present: net.minecraft.item.Item.getModel
[18:13:03] [Client thread/INFO]: [OptiFine] (Reflector) Method not present: net.minecraft.item.Item.onEntitySwing
[18:13:03] [Client thread/INFO]: [OptiFine] (Reflector) Method not present: net.minecraft.item.Item.shouldCauseReequipAnimation
[18:13:03] [Client thread/INFO]: [OptiFine] (Reflector) Method not present: net.minecraft.item.Item.showDurabilityBar
[18:13:03] [Client thread/INFO]: [OptiFine] (Reflector) Method not present: net.minecraft.item.ItemRecord.getRecordResource
[18:13:03] [Client thread/INFO]: [OptiFine] (Reflector) Class not present: net.minecraftforge.common.ForgeModContainer
[18:13:03] [Client thread/INFO]: [OptiFine] (Reflector) Method not present: net.minecraft.potion.PotionEffect.isCurativeItem
[18:13:03] [Client thread/INFO]: [OptiFine] (Reflector) Method not present: net.minecraft.tileentity.TileEntity.canRenderBreaking
[18:13:03] [Client thread/INFO]: [OptiFine] (Reflector) Method not present: net.minecraft.tileentity.TileEntity.getRenderBoundingBox
[18:13:03] [Client thread/INFO]: [OptiFine] (Reflector) Method not present: net.minecraft.tileentity.TileEntity.hasFastRenderer
[18:13:03] [Client thread/INFO]: [OptiFine] (Reflector) Method not present: net.minecraft.tileentity.TileEntity.shouldRenderInPass
[18:13:03] [Client thread/INFO]: [OptiFine] (Reflector) Method not present: net.minecraft.client.renderer.tileentity.TileEntityRendererDispatcher.preDrawBatch
[18:13:03] [Client thread/INFO]: [OptiFine] (Reflector) Method not present: net.minecraft.client.renderer.tileentity.TileEntityRendererDispatcher.drawBatch
[18:13:03] [Client thread/INFO]: [OptiFine] (Reflector) Method not present: net.minecraft.client.renderer.vertex.VertexFormatElement$EnumUsage.preDraw
[18:13:03] [Client thread/INFO]: [OptiFine] (Reflector) Method not present: net.minecraft.client.renderer.vertex.VertexFormatElement$EnumUsage.postDraw
[18:13:03] [Client thread/INFO]: [OptiFine] (Reflector) Method not present: net.minecraft.world.World.countEntities
[18:13:03] [Client thread/INFO]: [OptiFine] (Reflector) Method not present: net.minecraft.world.World.getPerWorldStorage
[18:13:03] [Client thread/INFO]: [OptiFine] (Reflector) Method not present: net.minecraft.world.WorldProvider.getCloudRenderer
[18:13:03] [Client thread/INFO]: [OptiFine] (Reflector) Method not present: net.minecraft.world.WorldProvider.getSkyRenderer
[18:13:03] [Client thread/INFO]: [OptiFine] (Reflector) Method not present: net.minecraft.world.WorldProvider.getWeatherRenderer
[18:13:03] [Client thread/INFO]: [OptiFine] (Reflector) Class not present: net.minecraftforge.fml.client.GuiModList
[18:13:03] [Client thread/INFO]: [OptiFine] (Reflector) Class not present: net.minecraftforge.client.model.IColoredBakedQuad
[18:13:03] [Client thread/INFO]: [OptiFine] (Reflector) Class not present: net.minecraftforge.common.property.IExtendedBlockState
[18:13:03] [Client thread/INFO]: [OptiFine] (Reflector) Class not present: net.minecraftforge.client.IRenderHandler
[18:13:03] [Client thread/INFO]: [OptiFine] (Reflector) Class not present: net.minecraftforge.client.model.ISmartBlockModel
[18:13:03] [Client thread/INFO]: [OptiFine] (Reflector) Class not present: net.minecraftforge.client.ItemModelMesherForge
[18:13:03] [Client thread/INFO]: [OptiFine] (Reflector) Class not present: net.minecraft.launchwrapper.Launch
[18:13:03] [Client thread/INFO]: [OptiFine] (Reflector) Class not present: net.minecraftforge.client.model.pipeline.LightUtil
[18:13:03] [Client thread/INFO]: [OptiFine] (Reflector) Class not present: net.minecraftforge.fml.common.Loader
[18:13:03] [Client thread/INFO]: [OptiFine] (Reflector) Class not present: net.minecraftforge.common.MinecraftForge
[18:13:03] [Client thread/INFO]: [OptiFine] (Reflector) Class not present: net.minecraftforge.client.MinecraftForgeClient
[18:13:03] [Client thread/INFO]: [OptiFine] (Reflector) Class not present: net.minecraftforge.fml.common.ModContainer
[18:13:03] [Client thread/INFO]: [OptiFine] (Reflector) Class not present: net.minecraftforge.client.model.ModelLoader
[18:13:03] [Client thread/INFO]: [OptiFine] (Reflector) Class not present: net.minecraftforge.client.event.RenderBlockOverlayEvent$OverlayType
[18:13:03] [Client thread/INFO]: [OptiFine] (Reflector) Class not present: net.minecraftforge.fml.client.registry.RenderingRegistry
[18:13:03] [Client thread/INFO]: [OptiFine] (Reflector) Class not present: net.minecraftforge.client.event.RenderItemInFrameEvent
[18:13:03] [Client thread/INFO]: [OptiFine] (Reflector) Class not present: net.minecraftforge.client.event.RenderLivingEvent$Pre
[18:13:03] [Client thread/INFO]: [OptiFine] (Reflector) Class not present: net.minecraftforge.client.event.RenderLivingEvent$Post
[18:13:03] [Client thread/INFO]: [OptiFine] (Reflector) Class not present: net.minecraftforge.client.event.RenderLivingEvent$Specials$Pre
[18:13:03] [Client thread/INFO]: [OptiFine] (Reflector) Class not present: net.minecraftforge.client.event.RenderLivingEvent$Specials$Post
[18:13:03] [Client thread/INFO]: [OptiFine] (Reflector) Class not present: net.minecraftforge.fml.client.SplashProgress
[18:13:03] [Client thread/INFO]: [OptiFine] (Reflector) Class not present: net.minecraftforge.event.world.WorldEvent$Load
[18:13:03] [Client thread/INFO]: [OptiFine] *** Reflector Vanilla ***
[18:13:03] [Client thread/INFO]: [OptiFine] (Reflector) Class not present: optifine.OptiFineClassTransformer
[18:13:03] [Client thread/INFO]: LWJGL Version: 2.9.4
[18:13:03] [Client thread/INFO]: [OptiFine] 
[18:13:03] [Client thread/INFO]: [OptiFine] OptiFine_1.8.8_HD_U_I7
[18:13:03] [Client thread/INFO]: [OptiFine] Build: null
[18:13:03] [Client thread/INFO]: [OptiFine] OS: Windows 10 (amd64) version 10.0
[18:13:03] [Client thread/INFO]: [OptiFine] Java: 1.8.0_231, Oracle Corporation
[18:13:03] [Client thread/INFO]: [OptiFine] VM: Java HotSpot(TM) 64-Bit Server VM (mixed mode), Oracle Corporation
[18:13:03] [Client thread/INFO]: [OptiFine] LWJGL: 2.9.4
[18:13:03] [Client thread/INFO]: [OptiFine] OpenGL: NVIDIA GeForce RTX 2080 SUPER/PCIe/SSE2, version 4.6.0 NVIDIA 471.41, NVIDIA Corporation
[18:13:03] [Client thread/INFO]: [OptiFine] OpenGL Version: 4.6.0
[18:13:03] [Client thread/INFO]: [OptiFine] Maximum texture size: 32768x32768
[18:13:03] [Thread-6/INFO]: [OptiFine] Checking for new version
[18:13:03] [Client thread/INFO]: [Shaders] ShadersMod version: 2.4.12
[18:13:03] [Client thread/INFO]: [Shaders] OpenGL Version: 4.6.0 NVIDIA 471.41
[18:13:03] [Client thread/INFO]: [Shaders] Vendor:  NVIDIA Corporation
[18:13:03] [Client thread/INFO]: [Shaders] Renderer: NVIDIA GeForce RTX 2080 SUPER/PCIe/SSE2
[18:13:03] [Client thread/INFO]: [Shaders] Capabilities:  2.0  2.1  3.0  3.2  4.0 
[18:13:03] [Client thread/INFO]: [Shaders] GL_MAX_DRAW_BUFFERS: 8
[18:13:03] [Client thread/INFO]: [Shaders] GL_MAX_COLOR_ATTACHMENTS_EXT: 8
[18:13:03] [Client thread/INFO]: [Shaders] GL_MAX_TEXTURE_IMAGE_UNITS: 32
[18:13:03] [Client thread/INFO]: [Shaders] Load ShadersMod configuration.
[18:13:03] [Client thread/INFO]: [Shaders] No shaderpack loaded.
[18:13:03] [Client thread/INFO]: Reloading ResourceManager: Default, Bisou [32x].zip
[18:13:03] [Client thread/INFO]: [OptiFine] *** Reloading textures ***
[18:13:03] [Client thread/INFO]: [OptiFine] Resource packs: Bisou [32x].zip
[18:13:03] [Sound Library Loader/INFO]: Starting up SoundSystem...
[18:13:03] [Client thread/INFO]: [OptiFine] Loading mcpatcher/font/ascii.properties
[18:13:03] [Client thread/INFO]: [OptiFine] Loading mcpatcher/font/ascii_sga.properties
[18:13:03] [Thread-6/INFO]: [OptiFine] Version found: I7
[18:13:03] [Thread-7/INFO]: Initializing LWJGL OpenAL
[18:13:03] [Thread-7/INFO]: (The LWJGL binding of OpenAL.  For more information, see http://www.lwjgl.org)
[18:13:03] [Thread-7/INFO]: OpenAL initialized.
[18:13:04] [Sound Library Loader/INFO]: Sound engine started
[18:13:04] [Client thread/INFO]: [OptiFine] Mipmap levels: 4
[18:13:04] [Client thread/INFO]: [OptiFine] Multitexture: false
[18:13:04] [Client thread/INFO]: [OptiFine] Multipass connected textures: false
[18:13:04] [Client thread/INFO]: [OptiFine] Multipass connected textures: false
[18:13:04] [Client thread/INFO]: Created: 1024x512 textures-atlas
[18:13:08] [Client thread/INFO]: [OptiFine] *** Reloading custom textures ***
[18:13:08] [Client thread/INFO]: [OptiFine] CustomSky properties: mcpatcher/sky/world0/sky1.properties
[18:13:08] [Client thread/INFO]: [OptiFine] CustomSky properties: mcpatcher/sky/world0/sky2.properties
[18:13:08] [Client thread/INFO]: [OptiFine] CustomSky properties: mcpatcher/sky/world0/sky3.properties
[18:13:08] [Client thread/INFO]: [OptiFine] CustomSky properties: mcpatcher/sky/world0/sky4.properties
[18:13:09] [Client thread/INFO]: [OptiFine] CustomSky properties: mcpatcher/sky/world0/sky5.properties
[18:13:09] [Client thread/INFO]: [OptiFine] CustomSky properties: mcpatcher/sky/world0/sky6.properties
[18:13:09] [Client thread/INFO]: [OptiFine] CustomSky properties: mcpatcher/sky/world0/sky7.properties
[18:13:09] [Client thread/INFO]: [OptiFine] CustomSky properties: mcpatcher/sky/world0/sky8.properties
[18:13:09] [Client thread/INFO]: [OptiFine] CustomSky properties: mcpatcher/sky/world0/sky9.properties
[18:13:09] [Client thread/INFO]: [OptiFine] CustomSky: Texture not found: minecraft:mcpatcher/sky/world0/sky_boxsunsetrays.png
[18:13:09] [Client thread/INFO]: [OptiFine] CustomSky properties: mcpatcher/sky/world0/sky10.properties
[18:13:09] [Client thread/INFO]: [OptiFine] CustomSky: Texture not found: minecraft:mcpatcher/sky/world0/sky_boxsunsetrays2.png
[18:13:09] [Client thread/INFO]: [OptiFine] CustomSky properties: mcpatcher/sky/world0/sky11.properties
[18:13:09] [Client thread/INFO]: [OptiFine] CustomSky: Texture not found: minecraft:mcpatcher/sky/world0/sky_boxsunsetraysdown1.png
[18:13:09] [Client thread/INFO]: [OptiFine] CustomSky properties: mcpatcher/sky/world0/sky12.properties
[18:13:09] [Client thread/INFO]: [OptiFine] CustomSky: Texture not found: minecraft:mcpatcher/sky/world0/sky_boxsunsetrays2.png
[18:13:09] [Client thread/INFO]: [OptiFine] CustomSky properties: mcpatcher/sky/world0/sky13.properties
[18:13:09] [Client thread/INFO]: [OptiFine] CustomSky properties: mcpatcher/sky/world0/sky14.properties
[18:13:09] [Client thread/INFO]: [OptiFine] CustomSky properties: mcpatcher/sky/world0/sky15.properties
[18:13:09] [Client thread/INFO]: [OptiFine] CustomSky properties: mcpatcher/sky/world0/sky16.properties
[18:13:09] [Client thread/INFO]: [OptiFine] CustomSky: Texture not found: minecraft:mcpatcher/sky/world0/sky_nightmagic.png
[18:13:09] [Client thread/INFO]: [OptiFine] CustomSky properties: mcpatcher/sky/world0/sky17.properties
[18:13:09] [Client thread/INFO]: [OptiFine] CustomSky: Texture not found: minecraft:mcpatcher/sky/world0/sky_nightmagic2.png
[18:13:09] [Client thread/INFO]: [OptiFine] CustomSky properties: mcpatcher/sky/world0/sky18.properties
[18:13:09] [Client thread/INFO]: [OptiFine] CustomSky properties: mcpatcher/sky/world0/sky19.properties
[18:13:09] [Client thread/INFO]: [OptiFine] CustomSky properties: mcpatcher/sky/world0/sky20.properties
[18:13:09] [Client thread/INFO]: [OptiFine] CustomSky properties: mcpatcher/sky/world0/sky21.properties
[18:13:09] [Client thread/INFO]: [OptiFine] CustomSky properties: mcpatcher/sky/world0/sky22.properties
[18:13:09] [Client thread/INFO]: [OptiFine] CustomSky properties: mcpatcher/sky/world0/sky23.properties
[18:13:09] [Client thread/INFO]: [OptiFine] CustomSky properties: mcpatcher/sky/world0/sky24.properties
[18:13:09] [Client thread/INFO]: [OptiFine] CustomSky properties: mcpatcher/sky/world0/sky25.properties
[18:13:09] [Client thread/INFO]: [OptiFine] CustomSky properties: mcpatcher/sky/world0/sky26.properties
[18:13:09] [Client thread/INFO]: [OptiFine] CustomSky properties: mcpatcher/sky/world0/sky27.properties
[18:13:09] [Client thread/INFO]: [OptiFine] CustomSky properties: mcpatcher/sky/world0/sky28.properties
[18:13:09] [Client thread/INFO]: [OptiFine] CustomSky properties: mcpatcher/sky/world0/sky29.properties
[18:13:09] [Client thread/INFO]: [OptiFine] CustomSky properties: mcpatcher/sky/world0/sky30.properties
[18:13:09] [Client thread/INFO]: [OptiFine] CustomSky properties: mcpatcher/sky/world0/sky31.properties
[18:13:09] [Client thread/INFO]: [OptiFine] CustomSky properties: mcpatcher/sky/world0/sky32.properties
[18:13:10] [Client thread/INFO]: [OptiFine] Enable face culling: acacia_leaves, birch_leaves, dark_oak_leaves, jungle_leaves, oak_leaves, spruce_leaves
